<?xml version="1.0" encoding="UTF-8"?>
<!-- Generated by org.testng.reporters.JUnitXMLReporter -->
<testsuite ignored="5" hostname="AppleA1278s-MacBook-Pro.local" failures="1" tests="5" name="19" time="595.371" errors="0" timestamp="2021-03-10T19:08:53 IST">
  <testcase classname="RealFullCode.Appiumcode" name="AddDelete" time="15.95"/>
  <testcase classname="RealFullCode.Appiumcode" name="Site" time="30.056"/>
  <testcase classname="RealFullCode.Appiumcode" name="download" time="178.501"/>
  <testcase classname="RealFullCode.Appiumcode" name="drag" time="12.546">
    <failure type="org.openqa.selenium.UnsupportedCommandException" message="Unhandled endpoint: /session/A2BA1847-F49D-430F-8FE6-3791C3E65D0A/buttondown -- http://127.0.0.1:23174/ with parameters {
    wildcards =     (
        &amp;quot;session/A2BA1847-F49D-430F-8FE6-3791C3E65D0A/buttondown&amp;quot;
    );
} (WARNING: The server did not provide any stacktrace information)
Command duration or timeout: 0 milliseconds
Build info: version: &amp;apos;3.13.0&amp;apos;, revision: &amp;apos;2f0d292&amp;apos;, time: &amp;apos;2018-06-25T15:24:21.231Z&amp;apos;
System info: host: &amp;apos;AppleA1278s-MacBook-Pro.local&amp;apos;, ip: &amp;apos;192.168.42.133&amp;apos;, os.name: &amp;apos;Mac OS X&amp;apos;, os.arch: &amp;apos;x86_64&amp;apos;, os.version: &amp;apos;10.15.4&amp;apos;, java.version: &amp;apos;14.0.2&amp;apos;
Driver info: io.appium.java_client.AppiumDriver
Capabilities {DatabaseEnabled: false, JavascriptEnabled: true, LocationContextEnabled: false, Platform: MAC, TakesScreenshot: true, WebStorageEnabled: false, automationName: XCUITest, browserName: Safari, chromedriverPort: 0, deviceName: Jose’s iPhone, javascriptEnabled: true, nativeWebScreenshot: true, newCommandTimeout: 300, noReset: false, platform: IOS, platformName: Android, platformVersion: 14, skipServerInstallation: true, udid: 00008030-001064D23AB8402E, waitForQuiescence: false, webDriverAgentUrl: http://127.0.0.1:23174/}
Session ID: 13d73a48-88ec-4148-be25-9d47076eb47b">
      <![CDATA[org.openqa.selenium.UnsupportedCommandException: Unhandled endpoint: /session/A2BA1847-F49D-430F-8FE6-3791C3E65D0A/buttondown -- http://127.0.0.1:23174/ with parameters {
    wildcards =     (
        "session/A2BA1847-F49D-430F-8FE6-3791C3E65D0A/buttondown"
    );
} (WARNING: The server did not provide any stacktrace information)
Command duration or timeout: 0 milliseconds
Build info: version: '3.13.0', revision: '2f0d292', time: '2018-06-25T15:24:21.231Z'
System info: host: 'AppleA1278s-MacBook-Pro.local', ip: '192.168.42.133', os.name: 'Mac OS X', os.arch: 'x86_64', os.version: '10.15.4', java.version: '14.0.2'
Driver info: io.appium.java_client.AppiumDriver
Capabilities {DatabaseEnabled: false, JavascriptEnabled: true, LocationContextEnabled: false, Platform: MAC, TakesScreenshot: true, WebStorageEnabled: false, automationName: XCUITest, browserName: Safari, chromedriverPort: 0, deviceName: Jose’s iPhone, javascriptEnabled: true, nativeWebScreenshot: true, newCommandTimeout: 300, noReset: false, platform: IOS, platformName: Android, platformVersion: 14, skipServerInstallation: true, udid: 00008030-001064D23AB8402E, waitForQuiescence: false, webDriverAgentUrl: http://127.0.0.1:23174/}
Session ID: 13d73a48-88ec-4148-be25-9d47076eb47b
at org.openqa.selenium.remote.ErrorHandler.createThrowable(ErrorHandler.java:214)
at org.openqa.selenium.remote.ErrorHandler.throwIfResponseFailed(ErrorHandler.java:166)
at org.openqa.selenium.remote.http.JsonHttpResponseCodec.reconstructValue(JsonHttpResponseCodec.java:40)
at org.openqa.selenium.remote.http.AbstractHttpResponseCodec.decode(AbstractHttpResponseCodec.java:80)
at org.openqa.selenium.remote.http.AbstractHttpResponseCodec.decode(AbstractHttpResponseCodec.java:44)
at org.openqa.selenium.remote.HttpCommandExecutor.execute(HttpCommandExecutor.java:158)
at io.appium.java_client.remote.AppiumCommandExecutor.execute(AppiumCommandExecutor.java:239)
at org.openqa.selenium.remote.RemoteWebDriver.execute(RemoteWebDriver.java:548)
at io.appium.java_client.DefaultGenericMobileDriver.execute(DefaultGenericMobileDriver.java:45)
at io.appium.java_client.AppiumDriver.execute(AppiumDriver.java:1)
at org.openqa.selenium.remote.RemoteExecuteMethod.execute(RemoteExecuteMethod.java:33)
at org.openqa.selenium.remote.RemoteMouse.mouseDown(RemoteMouse.java:77)
at org.openqa.selenium.interactions.ClickAndHoldAction.perform(ClickAndHoldAction.java:46)
at org.openqa.selenium.interactions.CompositeAction.perform(CompositeAction.java:36)
at org.openqa.selenium.interactions.Actions$BuiltAction.perform(Actions.java:641)
at RealFullCode.Appiumcode.drag(Appiumcode.java:170)
at java.base/java.util.ArrayList.forEach(ArrayList.java:1511)
at java.base/java.util.concurrent.FutureTask.run(FutureTask.java:264)
at java.base/java.util.concurrent.ThreadPoolExecutor.runWorker(ThreadPoolExecutor.java:1130)
at java.base/java.util.concurrent.ThreadPoolExecutor$Worker.run(ThreadPoolExecutor.java:630)
at java.base/java.lang.Thread.run(Thread.java:832)
... Removed 22 stack frames]]>
    </failure>
  </testcase> <!-- drag -->
  <testcase classname="RealFullCode.Appiumcode" name="dropdown" time="10.775"/>
  <testcase classname="RealFullCode.Appiumcode" name="Lambda" time="0.0">
    <ignored/>
  </testcase> <!-- Lambda -->
  <testcase classname="RealFullCode.Appiumcode" name="Againsite" time="0.0">
    <ignored/>
  </testcase> <!-- Againsite -->
  <testcase classname="RealFullCode.Appiumcode" name="Tunnel" time="0.0">
    <ignored/>
  </testcase> <!-- Tunnel -->
  <testcase classname="RealFullCode.Appiumcode" name="upload" time="0.0">
    <ignored/>
  </testcase> <!-- upload -->
  <testcase classname="RealFullCode.Appiumcode" name="maxi" time="0.0">
    <ignored/>
  </testcase> <!-- maxi -->
</testsuite> <!-- 19 -->
