<?xml version="1.0" encoding="UTF-8"?>
<!-- Generated by org.testng.reporters.JUnitXMLReporter -->
<testsuite ignored="5" hostname="AppleA1278s-MacBook-Pro.local" failures="1" tests="5" name="55" time="292.355" errors="0" timestamp="2021-03-15T13:47:16 IST">
  <testcase classname="RealFullCode.Appiumcode" name="AddDelete" time="17.257"/>
  <testcase classname="RealFullCode.Appiumcode" name="Site" time="33.165"/>
  <testcase classname="RealFullCode.Appiumcode" name="download" time="184.181"/>
  <testcase classname="RealFullCode.Appiumcode" name="drag" time="18.995">
    <failure type="org.openqa.selenium.UnsupportedCommandException" message="Unhandled endpoint: /session/C0F529D5-844F-485F-AB2B-9BFAFC8B6776/buttondown -- http://127.0.0.1:23190/ with parameters {
    wildcards =     (
        &amp;quot;session/C0F529D5-844F-485F-AB2B-9BFAFC8B6776/buttondown&amp;quot;
    );
} (WARNING: The server did not provide any stacktrace information)
Command duration or timeout: 0 milliseconds
Build info: version: &amp;apos;3.13.0&amp;apos;, revision: &amp;apos;2f0d292&amp;apos;, time: &amp;apos;2018-06-25T15:24:21.231Z&amp;apos;
System info: host: &amp;apos;AppleA1278s-MacBook-Pro.local&amp;apos;, ip: &amp;apos;192.168.29.133&amp;apos;, os.name: &amp;apos;Mac OS X&amp;apos;, os.arch: &amp;apos;x86_64&amp;apos;, os.version: &amp;apos;10.15.4&amp;apos;, java.version: &amp;apos;14.0.2&amp;apos;
Driver info: io.appium.java_client.AppiumDriver
Capabilities {DatabaseEnabled: false, JavascriptEnabled: true, LocationContextEnabled: false, Platform: MAC, TakesScreenshot: true, WebStorageEnabled: false, automationName: XCUITest, browserName: Safari, chromedriverPort: 0, deviceName: iPhone, javascriptEnabled: true, nativeWebScreenshot: true, newCommandTimeout: 300, noReset: false, platform: IOS, platformName: Android, platformVersion: 13.0, skipServerInstallation: true, udid: 00008020-000B68EE2690003A, waitForQuiescence: false, webDriverAgentUrl: http://127.0.0.1:23190/}
Session ID: 433735d9-a3f3-418f-b65f-9c1aaca70b68">
      <![CDATA[org.openqa.selenium.UnsupportedCommandException: Unhandled endpoint: /session/C0F529D5-844F-485F-AB2B-9BFAFC8B6776/buttondown -- http://127.0.0.1:23190/ with parameters {
    wildcards =     (
        "session/C0F529D5-844F-485F-AB2B-9BFAFC8B6776/buttondown"
    );
} (WARNING: The server did not provide any stacktrace information)
Command duration or timeout: 0 milliseconds
Build info: version: '3.13.0', revision: '2f0d292', time: '2018-06-25T15:24:21.231Z'
System info: host: 'AppleA1278s-MacBook-Pro.local', ip: '192.168.29.133', os.name: 'Mac OS X', os.arch: 'x86_64', os.version: '10.15.4', java.version: '14.0.2'
Driver info: io.appium.java_client.AppiumDriver
Capabilities {DatabaseEnabled: false, JavascriptEnabled: true, LocationContextEnabled: false, Platform: MAC, TakesScreenshot: true, WebStorageEnabled: false, automationName: XCUITest, browserName: Safari, chromedriverPort: 0, deviceName: iPhone, javascriptEnabled: true, nativeWebScreenshot: true, newCommandTimeout: 300, noReset: false, platform: IOS, platformName: Android, platformVersion: 13.0, skipServerInstallation: true, udid: 00008020-000B68EE2690003A, waitForQuiescence: false, webDriverAgentUrl: http://127.0.0.1:23190/}
Session ID: 433735d9-a3f3-418f-b65f-9c1aaca70b68
at org.openqa.selenium.remote.ErrorHandler.createThrowable(ErrorHandler.java:214)
at org.openqa.selenium.remote.ErrorHandler.throwIfResponseFailed(ErrorHandler.java:166)
at org.openqa.selenium.remote.http.JsonHttpResponseCodec.reconstructValue(JsonHttpResponseCodec.java:40)
at org.openqa.selenium.remote.http.AbstractHttpResponseCodec.decode(AbstractHttpResponseCodec.java:80)
at org.openqa.selenium.remote.http.AbstractHttpResponseCodec.decode(AbstractHttpResponseCodec.java:44)
at org.openqa.selenium.remote.HttpCommandExecutor.execute(HttpCommandExecutor.java:158)
at io.appium.java_client.remote.AppiumCommandExecutor.execute(AppiumCommandExecutor.java:239)
at org.openqa.selenium.remote.RemoteWebDriver.execute(RemoteWebDriver.java:548)
at io.appium.java_client.DefaultGenericMobileDriver.execute(DefaultGenericMobileDriver.java:45)
at io.appium.java_client.AppiumDriver.execute(AppiumDriver.java:1)
at org.openqa.selenium.remote.RemoteExecuteMethod.execute(RemoteExecuteMethod.java:33)
at org.openqa.selenium.remote.RemoteMouse.mouseDown(RemoteMouse.java:77)
at org.openqa.selenium.interactions.ClickAndHoldAction.perform(ClickAndHoldAction.java:46)
at org.openqa.selenium.interactions.CompositeAction.perform(CompositeAction.java:36)
at org.openqa.selenium.interactions.Actions$BuiltAction.perform(Actions.java:641)
at RealFullCode.Appiumcode.drag(Appiumcode.java:170)
at java.base/java.util.ArrayList.forEach(ArrayList.java:1511)
at java.base/java.util.concurrent.FutureTask.run(FutureTask.java:264)
at java.base/java.util.concurrent.ThreadPoolExecutor.runWorker(ThreadPoolExecutor.java:1130)
at java.base/java.util.concurrent.ThreadPoolExecutor$Worker.run(ThreadPoolExecutor.java:630)
at java.base/java.lang.Thread.run(Thread.java:832)
... Removed 23 stack frames]]>
    </failure>
  </testcase> <!-- drag -->
  <testcase classname="RealFullCode.Appiumcode" name="dropdown" time="12.677"/>
  <testcase classname="RealFullCode.Appiumcode" name="Lambda" time="0.0">
    <ignored/>
  </testcase> <!-- Lambda -->
  <testcase classname="RealFullCode.Appiumcode" name="Againsite" time="0.0">
    <ignored/>
  </testcase> <!-- Againsite -->
  <testcase classname="RealFullCode.Appiumcode" name="Tunnel" time="0.0">
    <ignored/>
  </testcase> <!-- Tunnel -->
  <testcase classname="RealFullCode.Appiumcode" name="upload" time="0.0">
    <ignored/>
  </testcase> <!-- upload -->
  <testcase classname="RealFullCode.Appiumcode" name="maxi" time="0.0">
    <ignored/>
  </testcase> <!-- maxi -->
</testsuite> <!-- 55 -->
