<?xml version="1.0" encoding="UTF-8"?>
<!-- Generated by org.testng.reporters.JUnitXMLReporter -->
<testsuite ignored="5" hostname="AppleA1278s-MacBook-Pro.local" failures="1" tests="5" name="8" time="241.501" errors="0" timestamp="2021-03-10T19:02:59 IST">
  <testcase classname="RealFullCode.Appiumcode" name="AddDelete" time="12.188"/>
  <testcase classname="RealFullCode.Appiumcode" name="Site" time="22.155"/>
  <testcase classname="RealFullCode.Appiumcode" name="download" time="2.863">
    <failure type="org.openqa.selenium.NoSuchElementException" message="no such element: Unable to locate element: {&amp;quot;method&amp;quot;:&amp;quot;xpath&amp;quot;,&amp;quot;selector&amp;quot;:&amp;quot;//body[1]/div[1]/main[1]/section[1]/div[1]/div[2]/div[1]/div[1]/table[1]/tbody[1]/tr[1]/td[5]/a[1]&amp;quot;}
  (Session info: chrome=88.0.4324.181)
  (Driver info: chromedriver=88.0.4324.96 (68dba2d8a0b149a1d3afac56fa74648032bcf46b-refs/branch-heads/4324@{#1784}),platform=Mac OS X 10.15.7 x86_64) (WARNING: The server did not provide any stacktrace information)
Command duration or timeout: 0 milliseconds
For documentation on this error, please visit: http://seleniumhq.org/exceptions/no_such_element.html
Build info: version: &amp;apos;3.13.0&amp;apos;, revision: &amp;apos;2f0d292&amp;apos;, time: &amp;apos;2018-06-25T15:24:21.231Z&amp;apos;
System info: host: &amp;apos;AppleA1278s-MacBook-Pro.local&amp;apos;, ip: &amp;apos;192.168.42.133&amp;apos;, os.name: &amp;apos;Mac OS X&amp;apos;, os.arch: &amp;apos;x86_64&amp;apos;, os.version: &amp;apos;10.15.4&amp;apos;, java.version: &amp;apos;14.0.2&amp;apos;
Driver info: io.appium.java_client.AppiumDriver
Capabilities {DatabaseEnabled: false, JavascriptEnabled: true, LocationContextEnabled: false, Platform: LINUX, TakesScreenshot: true, WebStorageEnabled: false, appActivity: com.google.android.apps.chr..., appPackage: com.android.chrome, automationName: uiautomator2, browserName: Chrome, chromeOptions: {args: [--proxy-server=rd-proxy.lam..., --proxy-bypass-list=&amp;lt;-loopb...], w3c: false}, chromedriverPort: 23278, deviceName: RF8M3236NNE, javascriptEnabled: true, nativeWebScreenshot: true, newCommandTimeout: 300, platform: ANDROID, platformName: Android, platformVersion: 9, skipServerInstallation: true, systemPort: 23123, udid: RF8M3236NNE, waitForQuiescence: false}
Session ID: acd2960c-bb0f-4396-82fd-2f4a836bc0d2
*** Element info: {Using=xpath, value=//body[1]/div[1]/main[1]/section[1]/div[1]/div[2]/div[1]/div[1]/table[1]/tbody[1]/tr[1]/td[5]/a[1]}">
      <![CDATA[org.openqa.selenium.NoSuchElementException: no such element: Unable to locate element: {"method":"xpath","selector":"//body[1]/div[1]/main[1]/section[1]/div[1]/div[2]/div[1]/div[1]/table[1]/tbody[1]/tr[1]/td[5]/a[1]"}
  (Session info: chrome=88.0.4324.181)
  (Driver info: chromedriver=88.0.4324.96 (68dba2d8a0b149a1d3afac56fa74648032bcf46b-refs/branch-heads/4324@{#1784}),platform=Mac OS X 10.15.7 x86_64) (WARNING: The server did not provide any stacktrace information)
Command duration or timeout: 0 milliseconds
For documentation on this error, please visit: http://seleniumhq.org/exceptions/no_such_element.html
Build info: version: '3.13.0', revision: '2f0d292', time: '2018-06-25T15:24:21.231Z'
System info: host: 'AppleA1278s-MacBook-Pro.local', ip: '192.168.42.133', os.name: 'Mac OS X', os.arch: 'x86_64', os.version: '10.15.4', java.version: '14.0.2'
Driver info: io.appium.java_client.AppiumDriver
Capabilities {DatabaseEnabled: false, JavascriptEnabled: true, LocationContextEnabled: false, Platform: LINUX, TakesScreenshot: true, WebStorageEnabled: false, appActivity: com.google.android.apps.chr..., appPackage: com.android.chrome, automationName: uiautomator2, browserName: Chrome, chromeOptions: {args: [--proxy-server=rd-proxy.lam..., --proxy-bypass-list=<-loopb...], w3c: false}, chromedriverPort: 23278, deviceName: RF8M3236NNE, javascriptEnabled: true, nativeWebScreenshot: true, newCommandTimeout: 300, platform: ANDROID, platformName: Android, platformVersion: 9, skipServerInstallation: true, systemPort: 23123, udid: RF8M3236NNE, waitForQuiescence: false}
Session ID: acd2960c-bb0f-4396-82fd-2f4a836bc0d2
*** Element info: {Using=xpath, value=//body[1]/div[1]/main[1]/section[1]/div[1]/div[2]/div[1]/div[1]/table[1]/tbody[1]/tr[1]/td[5]/a[1]}
at org.openqa.selenium.remote.ErrorHandler.createThrowable(ErrorHandler.java:214)
at org.openqa.selenium.remote.ErrorHandler.throwIfResponseFailed(ErrorHandler.java:166)
at org.openqa.selenium.remote.http.JsonHttpResponseCodec.reconstructValue(JsonHttpResponseCodec.java:40)
at org.openqa.selenium.remote.http.AbstractHttpResponseCodec.decode(AbstractHttpResponseCodec.java:80)
at org.openqa.selenium.remote.http.AbstractHttpResponseCodec.decode(AbstractHttpResponseCodec.java:44)
at org.openqa.selenium.remote.HttpCommandExecutor.execute(HttpCommandExecutor.java:158)
at io.appium.java_client.remote.AppiumCommandExecutor.execute(AppiumCommandExecutor.java:239)
at org.openqa.selenium.remote.RemoteWebDriver.execute(RemoteWebDriver.java:548)
at io.appium.java_client.DefaultGenericMobileDriver.execute(DefaultGenericMobileDriver.java:41)
at io.appium.java_client.AppiumDriver.execute(AppiumDriver.java:1)
at org.openqa.selenium.remote.RemoteWebDriver.findElement(RemoteWebDriver.java:322)
at io.appium.java_client.DefaultGenericMobileDriver.findElement(DefaultGenericMobileDriver.java:61)
at io.appium.java_client.AppiumDriver.findElement(AppiumDriver.java:1)
at org.openqa.selenium.remote.RemoteWebDriver.findElementByXPath(RemoteWebDriver.java:424)
at io.appium.java_client.DefaultGenericMobileDriver.findElementByXPath(DefaultGenericMobileDriver.java:151)
at io.appium.java_client.AppiumDriver.findElementByXPath(AppiumDriver.java:1)
at org.openqa.selenium.By$ByXPath.findElement(By.java:353)
at org.openqa.selenium.remote.RemoteWebDriver.findElement(RemoteWebDriver.java:314)
at io.appium.java_client.DefaultGenericMobileDriver.findElement(DefaultGenericMobileDriver.java:57)
at io.appium.java_client.AppiumDriver.findElement(AppiumDriver.java:1)
at RealFullCode.Appiumcode.download(Appiumcode.java:108)
at java.base/java.util.ArrayList.forEach(ArrayList.java:1511)
at java.base/java.util.concurrent.FutureTask.run(FutureTask.java:264)
at java.base/java.util.concurrent.ThreadPoolExecutor.runWorker(ThreadPoolExecutor.java:1130)
at java.base/java.util.concurrent.ThreadPoolExecutor$Worker.run(ThreadPoolExecutor.java:630)
at java.base/java.lang.Thread.run(Thread.java:832)
... Removed 23 stack frames]]>
    </failure>
  </testcase> <!-- download -->
  <testcase classname="RealFullCode.Appiumcode" name="drag" time="12.138"/>
  <testcase classname="RealFullCode.Appiumcode" name="dropdown" time="6.927"/>
  <testcase classname="RealFullCode.Appiumcode" name="Lambda" time="0.0">
    <ignored/>
  </testcase> <!-- Lambda -->
  <testcase classname="RealFullCode.Appiumcode" name="Againsite" time="0.0">
    <ignored/>
  </testcase> <!-- Againsite -->
  <testcase classname="RealFullCode.Appiumcode" name="Tunnel" time="0.0">
    <ignored/>
  </testcase> <!-- Tunnel -->
  <testcase classname="RealFullCode.Appiumcode" name="upload" time="0.0">
    <ignored/>
  </testcase> <!-- upload -->
  <testcase classname="RealFullCode.Appiumcode" name="maxi" time="0.0">
    <ignored/>
  </testcase> <!-- maxi -->
</testsuite> <!-- 8 -->
